[31merror[39m - 02/08/2021 16:53:39 - [31mMensaje de Log desde NPM[39m
[33mwarn[39m - 02/08/2021 16:53:39 - [33mMensaje de Log desde NPM[39m
[32minfo[39m - 02/08/2021 16:53:39 - [32mMensaje de Log desde NPM[39m
[32mhttp[39m - 02/08/2021 16:53:39 - [32mMensaje de Log desde NPM[39m
[36mverbose[39m - 02/08/2021 16:53:39 - [36mMensaje de Log desde NPM[39m
[34mdebug[39m - 02/08/2021 16:53:39 - [34mMensaje de Log desde NPM[39m
[35msilly[39m - 02/08/2021 16:53:39 - [35mMensaje de Log desde NPM[39m
[31merror[39m - 02/08/2021 16:53:39 - [31mError en la connexión con la base de datos[39m
[31merror[39m - 02/08/2021 17:02:25 - [31mMensaje de Log desde NPM[39m
[33mwarn[39m - 02/08/2021 17:02:25 - [33mMensaje de Log desde NPM[39m
[32minfo[39m - 02/08/2021 17:02:25 - [32mMensaje de Log desde NPM[39m
[32mhttp[39m - 02/08/2021 17:02:25 - [32mMensaje de Log desde NPM[39m
[36mverbose[39m - 02/08/2021 17:02:25 - [36mMensaje de Log desde NPM[39m
[34mdebug[39m - 02/08/2021 17:02:25 - [34mMensaje de Log desde NPM[39m
[35msilly[39m - 02/08/2021 17:02:25 - [35mMensaje de Log desde NPM[39m
[31merror[39m - 02/08/2021 17:02:26 - [31mError en la connexión con la base de datos[39m
[31merror[39m - 02/08/2021 17:11:37 - [31mMensaje de Log desde NPM[39m
[33mwarn[39m - 02/08/2021 17:11:37 - [33mMensaje de Log desde NPM[39m
[32minfo[39m - 02/08/2021 17:11:37 - [32mMensaje de Log desde NPM[39m
[32mhttp[39m - 02/08/2021 17:11:37 - [32mMensaje de Log desde NPM[39m
[36mverbose[39m - 02/08/2021 17:11:37 - [36mMensaje de Log desde NPM[39m
[34mdebug[39m - 02/08/2021 17:11:37 - [34mMensaje de Log desde NPM[39m
[35msilly[39m - 02/08/2021 17:11:37 - [35mMensaje de Log desde NPM[39m
[31merror[39m - 02/08/2021 17:11:37 - [31mError en la connexión con la base de datos[39m
[31merror[39m - 02/08/2021 17:23:51 - [31mMensaje de Log desde NPM[39m
[33mwarn[39m - 02/08/2021 17:23:51 - [33mMensaje de Log desde NPM[39m
[32minfo[39m - 02/08/2021 17:23:51 - [32mMensaje de Log desde NPM[39m
[32mhttp[39m - 02/08/2021 17:23:51 - [32mMensaje de Log desde NPM[39m
[36mverbose[39m - 02/08/2021 17:23:51 - [36mMensaje de Log desde NPM[39m
[34mdebug[39m - 02/08/2021 17:23:51 - [34mMensaje de Log desde NPM[39m
[35msilly[39m - 02/08/2021 17:23:51 - [35mMensaje de Log desde NPM[39m
[31merror[39m - 02/08/2021 17:23:51 - [31mError en la connexión con la base de datos[39m
[31merror[39m - 03/08/2021 17:30:08 - [31mMensaje de Log desde NPM[39m
[33mwarn[39m - 03/08/2021 17:30:08 - [33mMensaje de Log desde NPM[39m
[32minfo[39m - 03/08/2021 17:30:08 - [32mMensaje de Log desde NPM[39m
[32mhttp[39m - 03/08/2021 17:30:08 - [32mMensaje de Log desde NPM[39m
[36mverbose[39m - 03/08/2021 17:30:08 - [36mMensaje de Log desde NPM[39m
[34mdebug[39m - 03/08/2021 17:30:08 - [34mMensaje de Log desde NPM[39m
[35msilly[39m - 03/08/2021 17:30:08 - [35mMensaje de Log desde NPM[39m
[31merror[39m - 03/08/2021 17:30:08 - [31mError en la connexión con la base de datos[39m
[31merror[39m - 03/08/2021 17:31:11 - [31mMensaje de Log desde NPM[39m
[33mwarn[39m - 03/08/2021 17:31:11 - [33mMensaje de Log desde NPM[39m
[32minfo[39m - 03/08/2021 17:31:11 - [32mMensaje de Log desde NPM[39m
[32mhttp[39m - 03/08/2021 17:31:11 - [32mMensaje de Log desde NPM[39m
[36mverbose[39m - 03/08/2021 17:31:11 - [36mMensaje de Log desde NPM[39m
[34mdebug[39m - 03/08/2021 17:31:11 - [34mMensaje de Log desde NPM[39m
[35msilly[39m - 03/08/2021 17:31:11 - [35mMensaje de Log desde NPM[39m
[31merror[39m - 03/08/2021 17:31:11 - [31mError en la connexión con la base de datos[39m
[31merror[39m - 03/08/2021 17:32:43 - [31mMensaje de Log desde NPM[39m
[33mwarn[39m - 03/08/2021 17:32:43 - [33mMensaje de Log desde NPM[39m
[32minfo[39m - 03/08/2021 17:32:43 - [32mMensaje de Log desde NPM[39m
[32mhttp[39m - 03/08/2021 17:32:43 - [32mMensaje de Log desde NPM[39m
[36mverbose[39m - 03/08/2021 17:32:43 - [36mMensaje de Log desde NPM[39m
[34mdebug[39m - 03/08/2021 17:32:43 - [34mMensaje de Log desde NPM[39m
[35msilly[39m - 03/08/2021 17:32:43 - [35mMensaje de Log desde NPM[39m
[31merror[39m - 03/08/2021 17:32:43 - [31mError en la connexión con la base de datos[39m
[31merror[39m - 03/08/2021 17:33:53 - [31mMensaje de Log desde NPM[39m
[33mwarn[39m - 03/08/2021 17:33:53 - [33mMensaje de Log desde NPM[39m
[32minfo[39m - 03/08/2021 17:33:53 - [32mMensaje de Log desde NPM[39m
[32mhttp[39m - 03/08/2021 17:33:53 - [32mMensaje de Log desde NPM[39m
[36mverbose[39m - 03/08/2021 17:33:53 - [36mMensaje de Log desde NPM[39m
[34mdebug[39m - 03/08/2021 17:33:53 - [34mMensaje de Log desde NPM[39m
[35msilly[39m - 03/08/2021 17:33:53 - [35mMensaje de Log desde NPM[39m
[31merror[39m - 03/08/2021 17:33:53 - [31mError en la connexión con la base de datos[39m
[31merror[39m - 03/08/2021 17:48:40 - [31mMensaje de Log desde NPM[39m
[33mwarn[39m - 03/08/2021 17:48:40 - [33mMensaje de Log desde NPM[39m
[32minfo[39m - 03/08/2021 17:48:40 - [32mMensaje de Log desde NPM[39m
[32mhttp[39m - 03/08/2021 17:48:40 - [32mMensaje de Log desde NPM[39m
[36mverbose[39m - 03/08/2021 17:48:40 - [36mMensaje de Log desde NPM[39m
[34mdebug[39m - 03/08/2021 17:48:40 - [34mMensaje de Log desde NPM[39m
[35msilly[39m - 03/08/2021 17:48:40 - [35mMensaje de Log desde NPM[39m
[32minfo[39m - 03/08/2021 17:48:40 - [32mLa base de datos está ONLINE[39m
[32minfo[39m - 03/08/2021 17:48:40 - [32mServidor iniciado en el puerto 3000[39m
[31merror[39m - 03/08/2021 17:51:59 - [31mMensaje de Log desde NPM[39m
[33mwarn[39m - 03/08/2021 17:51:59 - [33mMensaje de Log desde NPM[39m
[32minfo[39m - 03/08/2021 17:51:59 - [32mMensaje de Log desde NPM[39m
[32mhttp[39m - 03/08/2021 17:51:59 - [32mMensaje de Log desde NPM[39m
[36mverbose[39m - 03/08/2021 17:51:59 - [36mMensaje de Log desde NPM[39m
[34mdebug[39m - 03/08/2021 17:51:59 - [34mMensaje de Log desde NPM[39m
[35msilly[39m - 03/08/2021 17:51:59 - [35mMensaje de Log desde NPM[39m
[32minfo[39m - 03/08/2021 17:52:00 - [32mLa base de datos está ONLINE[39m
[32minfo[39m - 03/08/2021 17:52:00 - [32mServidor iniciado en el puerto 3000[39m
[31merror[39m - 03/08/2021 18:03:52 - [31mMensaje de Log desde NPM[39m
[33mwarn[39m - 03/08/2021 18:03:52 - [33mMensaje de Log desde NPM[39m
[32minfo[39m - 03/08/2021 18:03:52 - [32mMensaje de Log desde NPM[39m
[32mhttp[39m - 03/08/2021 18:03:52 - [32mMensaje de Log desde NPM[39m
[36mverbose[39m - 03/08/2021 18:03:52 - [36mMensaje de Log desde NPM[39m
[34mdebug[39m - 03/08/2021 18:03:52 - [34mMensaje de Log desde NPM[39m
[35msilly[39m - 03/08/2021 18:03:52 - [35mMensaje de Log desde NPM[39m
[32minfo[39m - 03/08/2021 18:03:52 - [32mLa base de datos está ONLINE[39m
[32minfo[39m - 03/08/2021 18:03:52 - [32mServidor iniciado en el puerto 3000[39m
[31merror[39m - 03/08/2021 18:45:22 - [31mMensaje de Log desde NPM[39m
[33mwarn[39m - 03/08/2021 18:45:22 - [33mMensaje de Log desde NPM[39m
[32minfo[39m - 03/08/2021 18:45:22 - [32mMensaje de Log desde NPM[39m
[32mhttp[39m - 03/08/2021 18:45:22 - [32mMensaje de Log desde NPM[39m
[36mverbose[39m - 03/08/2021 18:45:22 - [36mMensaje de Log desde NPM[39m
[34mdebug[39m - 03/08/2021 18:45:22 - [34mMensaje de Log desde NPM[39m
[35msilly[39m - 03/08/2021 18:45:22 - [35mMensaje de Log desde NPM[39m
[32minfo[39m - 03/08/2021 18:45:22 - [32mLa base de datos está ONLINE[39m
[32minfo[39m - 03/08/2021 18:45:22 - [32mServidor iniciado en el puerto 3000[39m
[31merror[39m - 03/08/2021 18:46:33 - [31mMensaje de Log desde NPM[39m
[33mwarn[39m - 03/08/2021 18:46:33 - [33mMensaje de Log desde NPM[39m
[32minfo[39m - 03/08/2021 18:46:33 - [32mMensaje de Log desde NPM[39m
[32mhttp[39m - 03/08/2021 18:46:33 - [32mMensaje de Log desde NPM[39m
[36mverbose[39m - 03/08/2021 18:46:33 - [36mMensaje de Log desde NPM[39m
[34mdebug[39m - 03/08/2021 18:46:33 - [34mMensaje de Log desde NPM[39m
[35msilly[39m - 03/08/2021 18:46:33 - [35mMensaje de Log desde NPM[39m
[32minfo[39m - 03/08/2021 18:46:33 - [32mLa base de datos está ONLINE[39m
[32minfo[39m - 03/08/2021 18:46:33 - [32mServidor iniciado en el puerto 3000[39m
[31merror[39m - 03/08/2021 18:46:44 - [31mMensaje de Log desde NPM[39m
[33mwarn[39m - 03/08/2021 18:46:44 - [33mMensaje de Log desde NPM[39m
[32minfo[39m - 03/08/2021 18:46:44 - [32mMensaje de Log desde NPM[39m
[32mhttp[39m - 03/08/2021 18:46:44 - [32mMensaje de Log desde NPM[39m
[36mverbose[39m - 03/08/2021 18:46:44 - [36mMensaje de Log desde NPM[39m
[34mdebug[39m - 03/08/2021 18:46:44 - [34mMensaje de Log desde NPM[39m
[35msilly[39m - 03/08/2021 18:46:44 - [35mMensaje de Log desde NPM[39m
[32minfo[39m - 03/08/2021 18:46:44 - [32mLa base de datos está ONLINE[39m
[32minfo[39m - 03/08/2021 18:46:44 - [32mServidor iniciado en el puerto 3000[39m
[31merror[39m - 03/08/2021 18:46:49 - [31mMensaje de Log desde NPM[39m
[33mwarn[39m - 03/08/2021 18:46:49 - [33mMensaje de Log desde NPM[39m
[32minfo[39m - 03/08/2021 18:46:49 - [32mMensaje de Log desde NPM[39m
[32mhttp[39m - 03/08/2021 18:46:49 - [32mMensaje de Log desde NPM[39m
[36mverbose[39m - 03/08/2021 18:46:49 - [36mMensaje de Log desde NPM[39m
[34mdebug[39m - 03/08/2021 18:46:49 - [34mMensaje de Log desde NPM[39m
[35msilly[39m - 03/08/2021 18:46:49 - [35mMensaje de Log desde NPM[39m
[32minfo[39m - 03/08/2021 18:46:49 - [32mLa base de datos está ONLINE[39m
[32minfo[39m - 03/08/2021 18:46:49 - [32mServidor iniciado en el puerto 3000[39m
[31merror[39m - 03/08/2021 18:46:53 - [31mMensaje de Log desde NPM[39m
[33mwarn[39m - 03/08/2021 18:46:53 - [33mMensaje de Log desde NPM[39m
[32minfo[39m - 03/08/2021 18:46:53 - [32mMensaje de Log desde NPM[39m
[32mhttp[39m - 03/08/2021 18:46:53 - [32mMensaje de Log desde NPM[39m
[36mverbose[39m - 03/08/2021 18:46:53 - [36mMensaje de Log desde NPM[39m
[34mdebug[39m - 03/08/2021 18:46:53 - [34mMensaje de Log desde NPM[39m
[35msilly[39m - 03/08/2021 18:46:53 - [35mMensaje de Log desde NPM[39m
[32minfo[39m - 03/08/2021 18:46:53 - [32mLa base de datos está ONLINE[39m
[32minfo[39m - 03/08/2021 18:46:53 - [32mServidor iniciado en el puerto 3000[39m
[31merror[39m - 03/08/2021 18:46:57 - [31mMensaje de Log desde NPM[39m
[33mwarn[39m - 03/08/2021 18:46:57 - [33mMensaje de Log desde NPM[39m
[32minfo[39m - 03/08/2021 18:46:57 - [32mMensaje de Log desde NPM[39m
[32mhttp[39m - 03/08/2021 18:46:57 - [32mMensaje de Log desde NPM[39m
[36mverbose[39m - 03/08/2021 18:46:57 - [36mMensaje de Log desde NPM[39m
[34mdebug[39m - 03/08/2021 18:46:57 - [34mMensaje de Log desde NPM[39m
[35msilly[39m - 03/08/2021 18:46:57 - [35mMensaje de Log desde NPM[39m
[32minfo[39m - 03/08/2021 18:46:57 - [32mLa base de datos está ONLINE[39m
[32minfo[39m - 03/08/2021 18:46:57 - [32mServidor iniciado en el puerto 3000[39m
[31merror[39m - 03/08/2021 18:47:03 - [31mMensaje de Log desde NPM[39m
[33mwarn[39m - 03/08/2021 18:47:03 - [33mMensaje de Log desde NPM[39m
[32minfo[39m - 03/08/2021 18:47:03 - [32mMensaje de Log desde NPM[39m
[32mhttp[39m - 03/08/2021 18:47:03 - [32mMensaje de Log desde NPM[39m
[36mverbose[39m - 03/08/2021 18:47:03 - [36mMensaje de Log desde NPM[39m
[34mdebug[39m - 03/08/2021 18:47:03 - [34mMensaje de Log desde NPM[39m
[35msilly[39m - 03/08/2021 18:47:03 - [35mMensaje de Log desde NPM[39m
[32minfo[39m - 03/08/2021 18:47:03 - [32mLa base de datos está ONLINE[39m
[32minfo[39m - 03/08/2021 18:47:03 - [32mServidor iniciado en el puerto 3000[39m
[31merror[39m - 03/08/2021 18:47:11 - [31mMensaje de Log desde NPM[39m
[33mwarn[39m - 03/08/2021 18:47:11 - [33mMensaje de Log desde NPM[39m
[32minfo[39m - 03/08/2021 18:47:11 - [32mMensaje de Log desde NPM[39m
[32mhttp[39m - 03/08/2021 18:47:11 - [32mMensaje de Log desde NPM[39m
[36mverbose[39m - 03/08/2021 18:47:11 - [36mMensaje de Log desde NPM[39m
[34mdebug[39m - 03/08/2021 18:47:11 - [34mMensaje de Log desde NPM[39m
[35msilly[39m - 03/08/2021 18:47:11 - [35mMensaje de Log desde NPM[39m
[32minfo[39m - 03/08/2021 18:47:11 - [32mLa base de datos está ONLINE[39m
[32minfo[39m - 03/08/2021 18:47:11 - [32mServidor iniciado en el puerto 3000[39m
[31merror[39m - 03/08/2021 18:47:20 - [31mMensaje de Log desde NPM[39m
[33mwarn[39m - 03/08/2021 18:47:20 - [33mMensaje de Log desde NPM[39m
[32minfo[39m - 03/08/2021 18:47:20 - [32mMensaje de Log desde NPM[39m
[32mhttp[39m - 03/08/2021 18:47:20 - [32mMensaje de Log desde NPM[39m
[36mverbose[39m - 03/08/2021 18:47:20 - [36mMensaje de Log desde NPM[39m
[34mdebug[39m - 03/08/2021 18:47:20 - [34mMensaje de Log desde NPM[39m
[35msilly[39m - 03/08/2021 18:47:20 - [35mMensaje de Log desde NPM[39m
[32minfo[39m - 03/08/2021 18:47:20 - [32mLa base de datos está ONLINE[39m
[32minfo[39m - 03/08/2021 18:47:20 - [32mServidor iniciado en el puerto 3000[39m
[31merror[39m - 03/08/2021 18:47:35 - [31mMensaje de Log desde NPM[39m
[33mwarn[39m - 03/08/2021 18:47:35 - [33mMensaje de Log desde NPM[39m
[32minfo[39m - 03/08/2021 18:47:35 - [32mMensaje de Log desde NPM[39m
[32mhttp[39m - 03/08/2021 18:47:35 - [32mMensaje de Log desde NPM[39m
[36mverbose[39m - 03/08/2021 18:47:35 - [36mMensaje de Log desde NPM[39m
[34mdebug[39m - 03/08/2021 18:47:35 - [34mMensaje de Log desde NPM[39m
[35msilly[39m - 03/08/2021 18:47:35 - [35mMensaje de Log desde NPM[39m
[32minfo[39m - 03/08/2021 18:47:35 - [32mLa base de datos está ONLINE[39m
[32minfo[39m - 03/08/2021 18:47:35 - [32mServidor iniciado en el puerto 3000[39m
[31merror[39m - 03/08/2021 18:47:39 - [31mMensaje de Log desde NPM[39m
[33mwarn[39m - 03/08/2021 18:47:39 - [33mMensaje de Log desde NPM[39m
[32minfo[39m - 03/08/2021 18:47:39 - [32mMensaje de Log desde NPM[39m
[32mhttp[39m - 03/08/2021 18:47:39 - [32mMensaje de Log desde NPM[39m
[36mverbose[39m - 03/08/2021 18:47:39 - [36mMensaje de Log desde NPM[39m
[34mdebug[39m - 03/08/2021 18:47:39 - [34mMensaje de Log desde NPM[39m
[35msilly[39m - 03/08/2021 18:47:39 - [35mMensaje de Log desde NPM[39m
[32minfo[39m - 03/08/2021 18:47:39 - [32mLa base de datos está ONLINE[39m
[32minfo[39m - 03/08/2021 18:47:39 - [32mServidor iniciado en el puerto 3000[39m
[31merror[39m - 03/08/2021 18:47:43 - [31mMensaje de Log desde NPM[39m
[33mwarn[39m - 03/08/2021 18:47:43 - [33mMensaje de Log desde NPM[39m
[32minfo[39m - 03/08/2021 18:47:43 - [32mMensaje de Log desde NPM[39m
[32mhttp[39m - 03/08/2021 18:47:43 - [32mMensaje de Log desde NPM[39m
[36mverbose[39m - 03/08/2021 18:47:43 - [36mMensaje de Log desde NPM[39m
[34mdebug[39m - 03/08/2021 18:47:43 - [34mMensaje de Log desde NPM[39m
[35msilly[39m - 03/08/2021 18:47:43 - [35mMensaje de Log desde NPM[39m
[32minfo[39m - 03/08/2021 18:47:43 - [32mLa base de datos está ONLINE[39m
[32minfo[39m - 03/08/2021 18:47:43 - [32mServidor iniciado en el puerto 3000[39m
[31merror[39m - 03/08/2021 18:47:47 - [31mMensaje de Log desde NPM[39m
[33mwarn[39m - 03/08/2021 18:47:47 - [33mMensaje de Log desde NPM[39m
[32minfo[39m - 03/08/2021 18:47:47 - [32mMensaje de Log desde NPM[39m
[32mhttp[39m - 03/08/2021 18:47:47 - [32mMensaje de Log desde NPM[39m
[36mverbose[39m - 03/08/2021 18:47:47 - [36mMensaje de Log desde NPM[39m
[34mdebug[39m - 03/08/2021 18:47:47 - [34mMensaje de Log desde NPM[39m
[35msilly[39m - 03/08/2021 18:47:47 - [35mMensaje de Log desde NPM[39m
[32minfo[39m - 03/08/2021 18:47:47 - [32mLa base de datos está ONLINE[39m
[32minfo[39m - 03/08/2021 18:47:47 - [32mServidor iniciado en el puerto 3000[39m
[31merror[39m - 03/08/2021 18:47:54 - [31mMensaje de Log desde NPM[39m
[33mwarn[39m - 03/08/2021 18:47:54 - [33mMensaje de Log desde NPM[39m
[32minfo[39m - 03/08/2021 18:47:54 - [32mMensaje de Log desde NPM[39m
[32mhttp[39m - 03/08/2021 18:47:54 - [32mMensaje de Log desde NPM[39m
[36mverbose[39m - 03/08/2021 18:47:54 - [36mMensaje de Log desde NPM[39m
[34mdebug[39m - 03/08/2021 18:47:54 - [34mMensaje de Log desde NPM[39m
[35msilly[39m - 03/08/2021 18:47:54 - [35mMensaje de Log desde NPM[39m
[32minfo[39m - 03/08/2021 18:47:54 - [32mLa base de datos está ONLINE[39m
[32minfo[39m - 03/08/2021 18:47:54 - [32mServidor iniciado en el puerto 3000[39m
[31merror[39m - 03/08/2021 18:48:07 - [31mMensaje de Log desde NPM[39m
[33mwarn[39m - 03/08/2021 18:48:07 - [33mMensaje de Log desde NPM[39m
[32minfo[39m - 03/08/2021 18:48:07 - [32mMensaje de Log desde NPM[39m
[32mhttp[39m - 03/08/2021 18:48:07 - [32mMensaje de Log desde NPM[39m
[36mverbose[39m - 03/08/2021 18:48:07 - [36mMensaje de Log desde NPM[39m
[34mdebug[39m - 03/08/2021 18:48:07 - [34mMensaje de Log desde NPM[39m
[35msilly[39m - 03/08/2021 18:48:07 - [35mMensaje de Log desde NPM[39m
[32minfo[39m - 03/08/2021 18:48:07 - [32mLa base de datos está ONLINE[39m
[32minfo[39m - 03/08/2021 18:48:07 - [32mServidor iniciado en el puerto 3000[39m
[31merror[39m - 03/08/2021 18:48:17 - [31mMensaje de Log desde NPM[39m
[33mwarn[39m - 03/08/2021 18:48:17 - [33mMensaje de Log desde NPM[39m
[32minfo[39m - 03/08/2021 18:48:17 - [32mMensaje de Log desde NPM[39m
[32mhttp[39m - 03/08/2021 18:48:17 - [32mMensaje de Log desde NPM[39m
[36mverbose[39m - 03/08/2021 18:48:17 - [36mMensaje de Log desde NPM[39m
[34mdebug[39m - 03/08/2021 18:48:17 - [34mMensaje de Log desde NPM[39m
[35msilly[39m - 03/08/2021 18:48:17 - [35mMensaje de Log desde NPM[39m
[32minfo[39m - 03/08/2021 18:48:17 - [32mLa base de datos está ONLINE[39m
[32minfo[39m - 03/08/2021 18:48:17 - [32mServidor iniciado en el puerto 3000[39m
[31merror[39m - 03/08/2021 18:48:20 - [31mMensaje de Log desde NPM[39m
[33mwarn[39m - 03/08/2021 18:48:20 - [33mMensaje de Log desde NPM[39m
[32minfo[39m - 03/08/2021 18:48:20 - [32mMensaje de Log desde NPM[39m
[32mhttp[39m - 03/08/2021 18:48:20 - [32mMensaje de Log desde NPM[39m
[36mverbose[39m - 03/08/2021 18:48:20 - [36mMensaje de Log desde NPM[39m
[34mdebug[39m - 03/08/2021 18:48:20 - [34mMensaje de Log desde NPM[39m
[35msilly[39m - 03/08/2021 18:48:20 - [35mMensaje de Log desde NPM[39m
[32minfo[39m - 03/08/2021 18:48:20 - [32mLa base de datos está ONLINE[39m
[32minfo[39m - 03/08/2021 18:48:20 - [32mServidor iniciado en el puerto 3000[39m
[31merror[39m - 03/08/2021 18:48:43 - [31mMensaje de Log desde NPM[39m
[33mwarn[39m - 03/08/2021 18:48:43 - [33mMensaje de Log desde NPM[39m
[32minfo[39m - 03/08/2021 18:48:43 - [32mMensaje de Log desde NPM[39m
[32mhttp[39m - 03/08/2021 18:48:43 - [32mMensaje de Log desde NPM[39m
[36mverbose[39m - 03/08/2021 18:48:43 - [36mMensaje de Log desde NPM[39m
[34mdebug[39m - 03/08/2021 18:48:43 - [34mMensaje de Log desde NPM[39m
[35msilly[39m - 03/08/2021 18:48:43 - [35mMensaje de Log desde NPM[39m
[32minfo[39m - 03/08/2021 18:48:43 - [32mLa base de datos está ONLINE[39m
[32minfo[39m - 03/08/2021 18:48:43 - [32mServidor iniciado en el puerto 3000[39m
[31merror[39m - 03/08/2021 18:49:22 - [31mMensaje de Log desde NPM[39m
[33mwarn[39m - 03/08/2021 18:49:22 - [33mMensaje de Log desde NPM[39m
[32minfo[39m - 03/08/2021 18:49:22 - [32mMensaje de Log desde NPM[39m
[32mhttp[39m - 03/08/2021 18:49:22 - [32mMensaje de Log desde NPM[39m
[36mverbose[39m - 03/08/2021 18:49:22 - [36mMensaje de Log desde NPM[39m
[34mdebug[39m - 03/08/2021 18:49:22 - [34mMensaje de Log desde NPM[39m
[35msilly[39m - 03/08/2021 18:49:22 - [35mMensaje de Log desde NPM[39m
[32minfo[39m - 03/08/2021 18:49:22 - [32mLa base de datos está ONLINE[39m
[32minfo[39m - 03/08/2021 18:49:22 - [32mServidor iniciado en el puerto 3000[39m
[31merror[39m - 03/08/2021 18:50:38 - [31mMensaje de Log desde NPM[39m
[33mwarn[39m - 03/08/2021 18:50:38 - [33mMensaje de Log desde NPM[39m
[32minfo[39m - 03/08/2021 18:50:38 - [32mMensaje de Log desde NPM[39m
[32mhttp[39m - 03/08/2021 18:50:38 - [32mMensaje de Log desde NPM[39m
[36mverbose[39m - 03/08/2021 18:50:38 - [36mMensaje de Log desde NPM[39m
[34mdebug[39m - 03/08/2021 18:50:38 - [34mMensaje de Log desde NPM[39m
[35msilly[39m - 03/08/2021 18:50:38 - [35mMensaje de Log desde NPM[39m
[32minfo[39m - 03/08/2021 18:50:38 - [32mLa base de datos está ONLINE[39m
[32minfo[39m - 03/08/2021 18:50:38 - [32mServidor iniciado en el puerto 3000[39m
[31merror[39m - 03/08/2021 18:50:45 - [31mMensaje de Log desde NPM[39m
[33mwarn[39m - 03/08/2021 18:50:45 - [33mMensaje de Log desde NPM[39m
[32minfo[39m - 03/08/2021 18:50:45 - [32mMensaje de Log desde NPM[39m
[32mhttp[39m - 03/08/2021 18:50:45 - [32mMensaje de Log desde NPM[39m
[36mverbose[39m - 03/08/2021 18:50:45 - [36mMensaje de Log desde NPM[39m
[34mdebug[39m - 03/08/2021 18:50:45 - [34mMensaje de Log desde NPM[39m
[35msilly[39m - 03/08/2021 18:50:45 - [35mMensaje de Log desde NPM[39m
[32minfo[39m - 03/08/2021 18:50:45 - [32mLa base de datos está ONLINE[39m
[32minfo[39m - 03/08/2021 18:50:45 - [32mServidor iniciado en el puerto 3000[39m
[31merror[39m - 03/08/2021 18:50:53 - [31mMensaje de Log desde NPM[39m
[33mwarn[39m - 03/08/2021 18:50:53 - [33mMensaje de Log desde NPM[39m
[32minfo[39m - 03/08/2021 18:50:53 - [32mMensaje de Log desde NPM[39m
[32mhttp[39m - 03/08/2021 18:50:53 - [32mMensaje de Log desde NPM[39m
[36mverbose[39m - 03/08/2021 18:50:53 - [36mMensaje de Log desde NPM[39m
[34mdebug[39m - 03/08/2021 18:50:53 - [34mMensaje de Log desde NPM[39m
[35msilly[39m - 03/08/2021 18:50:53 - [35mMensaje de Log desde NPM[39m
[32minfo[39m - 03/08/2021 18:50:54 - [32mLa base de datos está ONLINE[39m
[32minfo[39m - 03/08/2021 18:50:54 - [32mServidor iniciado en el puerto 3000[39m
[31merror[39m - 03/08/2021 18:51:19 - [31mMensaje de Log desde NPM[39m
[33mwarn[39m - 03/08/2021 18:51:19 - [33mMensaje de Log desde NPM[39m
[32minfo[39m - 03/08/2021 18:51:19 - [32mMensaje de Log desde NPM[39m
[32mhttp[39m - 03/08/2021 18:51:19 - [32mMensaje de Log desde NPM[39m
[36mverbose[39m - 03/08/2021 18:51:19 - [36mMensaje de Log desde NPM[39m
[34mdebug[39m - 03/08/2021 18:51:19 - [34mMensaje de Log desde NPM[39m
[35msilly[39m - 03/08/2021 18:51:19 - [35mMensaje de Log desde NPM[39m
[32minfo[39m - 03/08/2021 18:51:19 - [32mLa base de datos está ONLINE[39m
[32minfo[39m - 03/08/2021 18:51:19 - [32mServidor iniciado en el puerto 3000[39m
[31merror[39m - 03/08/2021 18:51:24 - [31mMensaje de Log desde NPM[39m
[33mwarn[39m - 03/08/2021 18:51:24 - [33mMensaje de Log desde NPM[39m
[32minfo[39m - 03/08/2021 18:51:24 - [32mMensaje de Log desde NPM[39m
[32mhttp[39m - 03/08/2021 18:51:24 - [32mMensaje de Log desde NPM[39m
[36mverbose[39m - 03/08/2021 18:51:24 - [36mMensaje de Log desde NPM[39m
[34mdebug[39m - 03/08/2021 18:51:24 - [34mMensaje de Log desde NPM[39m
[35msilly[39m - 03/08/2021 18:51:24 - [35mMensaje de Log desde NPM[39m
[32minfo[39m - 03/08/2021 18:51:24 - [32mLa base de datos está ONLINE[39m
[32minfo[39m - 03/08/2021 18:51:24 - [32mServidor iniciado en el puerto 3000[39m
[31merror[39m - 03/08/2021 18:51:29 - [31mMensaje de Log desde NPM[39m
[33mwarn[39m - 03/08/2021 18:51:29 - [33mMensaje de Log desde NPM[39m
[32minfo[39m - 03/08/2021 18:51:29 - [32mMensaje de Log desde NPM[39m
[32mhttp[39m - 03/08/2021 18:51:29 - [32mMensaje de Log desde NPM[39m
[36mverbose[39m - 03/08/2021 18:51:29 - [36mMensaje de Log desde NPM[39m
[34mdebug[39m - 03/08/2021 18:51:29 - [34mMensaje de Log desde NPM[39m
[35msilly[39m - 03/08/2021 18:51:29 - [35mMensaje de Log desde NPM[39m
[32minfo[39m - 03/08/2021 18:51:29 - [32mLa base de datos está ONLINE[39m
[32minfo[39m - 03/08/2021 18:51:29 - [32mServidor iniciado en el puerto 3000[39m
[31merror[39m - 03/08/2021 18:51:33 - [31mMensaje de Log desde NPM[39m
[33mwarn[39m - 03/08/2021 18:51:33 - [33mMensaje de Log desde NPM[39m
[32minfo[39m - 03/08/2021 18:51:33 - [32mMensaje de Log desde NPM[39m
[32mhttp[39m - 03/08/2021 18:51:33 - [32mMensaje de Log desde NPM[39m
[36mverbose[39m - 03/08/2021 18:51:33 - [36mMensaje de Log desde NPM[39m
[34mdebug[39m - 03/08/2021 18:51:33 - [34mMensaje de Log desde NPM[39m
[35msilly[39m - 03/08/2021 18:51:33 - [35mMensaje de Log desde NPM[39m
[32minfo[39m - 03/08/2021 18:51:33 - [32mLa base de datos está ONLINE[39m
[32minfo[39m - 03/08/2021 18:51:33 - [32mServidor iniciado en el puerto 3000[39m
[31merror[39m - 03/08/2021 18:51:42 - [31mMensaje de Log desde NPM[39m
[33mwarn[39m - 03/08/2021 18:51:42 - [33mMensaje de Log desde NPM[39m
[32minfo[39m - 03/08/2021 18:51:42 - [32mMensaje de Log desde NPM[39m
[32mhttp[39m - 03/08/2021 18:51:42 - [32mMensaje de Log desde NPM[39m
[36mverbose[39m - 03/08/2021 18:51:42 - [36mMensaje de Log desde NPM[39m
[34mdebug[39m - 03/08/2021 18:51:42 - [34mMensaje de Log desde NPM[39m
[35msilly[39m - 03/08/2021 18:51:42 - [35mMensaje de Log desde NPM[39m
[32minfo[39m - 03/08/2021 18:51:42 - [32mLa base de datos está ONLINE[39m
[32minfo[39m - 03/08/2021 18:51:42 - [32mServidor iniciado en el puerto 3000[39m
[31merror[39m - 03/08/2021 18:51:50 - [31mMensaje de Log desde NPM[39m
[33mwarn[39m - 03/08/2021 18:51:50 - [33mMensaje de Log desde NPM[39m
[32minfo[39m - 03/08/2021 18:51:50 - [32mMensaje de Log desde NPM[39m
[32mhttp[39m - 03/08/2021 18:51:50 - [32mMensaje de Log desde NPM[39m
[36mverbose[39m - 03/08/2021 18:51:50 - [36mMensaje de Log desde NPM[39m
[34mdebug[39m - 03/08/2021 18:51:50 - [34mMensaje de Log desde NPM[39m
[35msilly[39m - 03/08/2021 18:51:50 - [35mMensaje de Log desde NPM[39m
[32minfo[39m - 03/08/2021 18:51:51 - [32mLa base de datos está ONLINE[39m
[32minfo[39m - 03/08/2021 18:51:51 - [32mServidor iniciado en el puerto 3000[39m
[31merror[39m - 03/08/2021 19:18:04 - [31mMensaje de Log desde NPM[39m
[33mwarn[39m - 03/08/2021 19:18:04 - [33mMensaje de Log desde NPM[39m
[32minfo[39m - 03/08/2021 19:18:04 - [32mMensaje de Log desde NPM[39m
[32mhttp[39m - 03/08/2021 19:18:04 - [32mMensaje de Log desde NPM[39m
[36mverbose[39m - 03/08/2021 19:18:04 - [36mMensaje de Log desde NPM[39m
[34mdebug[39m - 03/08/2021 19:18:04 - [34mMensaje de Log desde NPM[39m
[35msilly[39m - 03/08/2021 19:18:04 - [35mMensaje de Log desde NPM[39m
[32minfo[39m - 03/08/2021 19:18:04 - [32mLa base de datos está ONLINE[39m
[32minfo[39m - 03/08/2021 19:18:04 - [32mServidor iniciado en el puerto 3000[39m
[31merror[39m - 03/08/2021 19:21:43 - [31mMensaje de Log desde NPM[39m
[33mwarn[39m - 03/08/2021 19:21:43 - [33mMensaje de Log desde NPM[39m
[32minfo[39m - 03/08/2021 19:21:43 - [32mMensaje de Log desde NPM[39m
[32mhttp[39m - 03/08/2021 19:21:43 - [32mMensaje de Log desde NPM[39m
[36mverbose[39m - 03/08/2021 19:21:43 - [36mMensaje de Log desde NPM[39m
[34mdebug[39m - 03/08/2021 19:21:43 - [34mMensaje de Log desde NPM[39m
[35msilly[39m - 03/08/2021 19:21:43 - [35mMensaje de Log desde NPM[39m
[32minfo[39m - 03/08/2021 19:21:43 - [32mLa base de datos está ONLINE[39m
[32minfo[39m - 03/08/2021 19:21:43 - [32mServidor iniciado en el puerto 3000[39m
[31merror[39m - 09/08/2021 13:56:41 - [31mMensaje de Log desde NPM[39m
[33mwarn[39m - 09/08/2021 13:56:41 - [33mMensaje de Log desde NPM[39m
[32minfo[39m - 09/08/2021 13:56:41 - [32mMensaje de Log desde NPM[39m
[32mhttp[39m - 09/08/2021 13:56:41 - [32mMensaje de Log desde NPM[39m
[36mverbose[39m - 09/08/2021 13:56:41 - [36mMensaje de Log desde NPM[39m
[34mdebug[39m - 09/08/2021 13:56:41 - [34mMensaje de Log desde NPM[39m
[35msilly[39m - 09/08/2021 13:56:41 - [35mMensaje de Log desde NPM[39m
[32minfo[39m - 09/08/2021 13:56:41 - [32mLa base de datos está ONLINE[39m
[32minfo[39m - 09/08/2021 13:56:41 - [32mServidor iniciado en el puerto 3000[39m
[31merror[39m - 09/08/2021 16:33:51 - [31mMensaje de Log desde NPM[39m
[33mwarn[39m - 09/08/2021 16:33:51 - [33mMensaje de Log desde NPM[39m
[32minfo[39m - 09/08/2021 16:33:51 - [32mMensaje de Log desde NPM[39m
[32mhttp[39m - 09/08/2021 16:33:51 - [32mMensaje de Log desde NPM[39m
[36mverbose[39m - 09/08/2021 16:33:51 - [36mMensaje de Log desde NPM[39m
[34mdebug[39m - 09/08/2021 16:33:51 - [34mMensaje de Log desde NPM[39m
[35msilly[39m - 09/08/2021 16:33:51 - [35mMensaje de Log desde NPM[39m
[31merror[39m - 09/08/2021 16:33:51 - [31mError en la connexión con la base de datos[39m
[31merror[39m - 09/08/2021 16:34:08 - [31mMensaje de Log desde NPM[39m
[33mwarn[39m - 09/08/2021 16:34:08 - [33mMensaje de Log desde NPM[39m
[32minfo[39m - 09/08/2021 16:34:08 - [32mMensaje de Log desde NPM[39m
[32mhttp[39m - 09/08/2021 16:34:08 - [32mMensaje de Log desde NPM[39m
[36mverbose[39m - 09/08/2021 16:34:08 - [36mMensaje de Log desde NPM[39m
[34mdebug[39m - 09/08/2021 16:34:08 - [34mMensaje de Log desde NPM[39m
[35msilly[39m - 09/08/2021 16:34:08 - [35mMensaje de Log desde NPM[39m
[32minfo[39m - 09/08/2021 16:34:08 - [32mLa base de datos está ONLINE[39m
[32minfo[39m - 09/08/2021 16:34:08 - [32mServidor iniciado en el puerto 3000[39m
[31merror[39m - 10/08/2021 18:03:03 - [31mMensaje de Log desde NPM[39m
[33mwarn[39m - 10/08/2021 18:03:03 - [33mMensaje de Log desde NPM[39m
[32minfo[39m - 10/08/2021 18:03:03 - [32mMensaje de Log desde NPM[39m
[32mhttp[39m - 10/08/2021 18:03:03 - [32mMensaje de Log desde NPM[39m
[36mverbose[39m - 10/08/2021 18:03:03 - [36mMensaje de Log desde NPM[39m
[34mdebug[39m - 10/08/2021 18:03:03 - [34mMensaje de Log desde NPM[39m
[35msilly[39m - 10/08/2021 18:03:03 - [35mMensaje de Log desde NPM[39m
[32minfo[39m - 10/08/2021 18:03:03 - [32mLa base de datos está ONLINE[39m
[32minfo[39m - 10/08/2021 18:03:03 - [32mServidor iniciado en el puerto 3000[39m
[31merror[39m - 11/08/2021 19:52:07 - [31mMensaje de Log desde NPM[39m
[33mwarn[39m - 11/08/2021 19:52:07 - [33mMensaje de Log desde NPM[39m
[32minfo[39m - 11/08/2021 19:52:07 - [32mMensaje de Log desde NPM[39m
[32mhttp[39m - 11/08/2021 19:52:07 - [32mMensaje de Log desde NPM[39m
[36mverbose[39m - 11/08/2021 19:52:07 - [36mMensaje de Log desde NPM[39m
[34mdebug[39m - 11/08/2021 19:52:07 - [34mMensaje de Log desde NPM[39m
[35msilly[39m - 11/08/2021 19:52:07 - [35mMensaje de Log desde NPM[39m
[31merror[39m - 11/08/2021 19:52:07 - [31mError en la connexión con la base de datos[39m
[31merror[39m - 11/08/2021 19:52:43 - [31mMensaje de Log desde NPM[39m
[33mwarn[39m - 11/08/2021 19:52:43 - [33mMensaje de Log desde NPM[39m
[32minfo[39m - 11/08/2021 19:52:43 - [32mMensaje de Log desde NPM[39m
[32mhttp[39m - 11/08/2021 19:52:43 - [32mMensaje de Log desde NPM[39m
[36mverbose[39m - 11/08/2021 19:52:43 - [36mMensaje de Log desde NPM[39m
[34mdebug[39m - 11/08/2021 19:52:43 - [34mMensaje de Log desde NPM[39m
[35msilly[39m - 11/08/2021 19:52:43 - [35mMensaje de Log desde NPM[39m
[32minfo[39m - 11/08/2021 19:52:43 - [32mLa base de datos está ONLINE[39m
[31merror[39m - 11/08/2021 19:52:46 - [31mMensaje de Log desde NPM[39m
[33mwarn[39m - 11/08/2021 19:52:46 - [33mMensaje de Log desde NPM[39m
[32minfo[39m - 11/08/2021 19:52:46 - [32mMensaje de Log desde NPM[39m
[32mhttp[39m - 11/08/2021 19:52:46 - [32mMensaje de Log desde NPM[39m
[36mverbose[39m - 11/08/2021 19:52:46 - [36mMensaje de Log desde NPM[39m
[34mdebug[39m - 11/08/2021 19:52:46 - [34mMensaje de Log desde NPM[39m
[35msilly[39m - 11/08/2021 19:52:46 - [35mMensaje de Log desde NPM[39m
[32minfo[39m - 11/08/2021 19:52:46 - [32mLa base de datos está ONLINE[39m
[32minfo[39m - 11/08/2021 19:52:46 - [32mServidor iniciado en el puerto 3000[39m
[31merror[39m - 11/08/2021 19:52:59 - [31mMensaje de Log desde NPM[39m
[33mwarn[39m - 11/08/2021 19:52:59 - [33mMensaje de Log desde NPM[39m
[32minfo[39m - 11/08/2021 19:52:59 - [32mMensaje de Log desde NPM[39m
[32mhttp[39m - 11/08/2021 19:52:59 - [32mMensaje de Log desde NPM[39m
[36mverbose[39m - 11/08/2021 19:52:59 - [36mMensaje de Log desde NPM[39m
[34mdebug[39m - 11/08/2021 19:52:59 - [34mMensaje de Log desde NPM[39m
[35msilly[39m - 11/08/2021 19:52:59 - [35mMensaje de Log desde NPM[39m
[32minfo[39m - 11/08/2021 19:52:59 - [32mLa base de datos está ONLINE[39m
[32minfo[39m - 11/08/2021 19:52:59 - [32mServidor iniciado en el puerto 3000[39m
[31merror[39m - 12/08/2021 11:58:32 - [31mMensaje de Log desde NPM[39m
[33mwarn[39m - 12/08/2021 11:58:32 - [33mMensaje de Log desde NPM[39m
[32minfo[39m - 12/08/2021 11:58:32 - [32mMensaje de Log desde NPM[39m
[32mhttp[39m - 12/08/2021 11:58:32 - [32mMensaje de Log desde NPM[39m
[36mverbose[39m - 12/08/2021 11:58:32 - [36mMensaje de Log desde NPM[39m
[34mdebug[39m - 12/08/2021 11:58:32 - [34mMensaje de Log desde NPM[39m
[35msilly[39m - 12/08/2021 11:58:32 - [35mMensaje de Log desde NPM[39m
[31merror[39m - 12/08/2021 11:58:32 - [31mError en la connexión con la base de datos[39m
[31merror[39m - 12/08/2021 11:58:51 - [31mMensaje de Log desde NPM[39m
[33mwarn[39m - 12/08/2021 11:58:51 - [33mMensaje de Log desde NPM[39m
[32minfo[39m - 12/08/2021 11:58:51 - [32mMensaje de Log desde NPM[39m
[32mhttp[39m - 12/08/2021 11:58:51 - [32mMensaje de Log desde NPM[39m
[36mverbose[39m - 12/08/2021 11:58:51 - [36mMensaje de Log desde NPM[39m
[34mdebug[39m - 12/08/2021 11:58:51 - [34mMensaje de Log desde NPM[39m
[35msilly[39m - 12/08/2021 11:58:51 - [35mMensaje de Log desde NPM[39m
[32minfo[39m - 12/08/2021 11:58:52 - [32mLa base de datos está ONLINE[39m
[32minfo[39m - 12/08/2021 11:58:52 - [32mServidor iniciado en el puerto 3000[39m
[31merror[39m - 12/08/2021 11:58:55 - [31mMensaje de Log desde NPM[39m
[33mwarn[39m - 12/08/2021 11:58:55 - [33mMensaje de Log desde NPM[39m
[32minfo[39m - 12/08/2021 11:58:55 - [32mMensaje de Log desde NPM[39m
[32mhttp[39m - 12/08/2021 11:58:55 - [32mMensaje de Log desde NPM[39m
[36mverbose[39m - 12/08/2021 11:58:55 - [36mMensaje de Log desde NPM[39m
[34mdebug[39m - 12/08/2021 11:58:55 - [34mMensaje de Log desde NPM[39m
[35msilly[39m - 12/08/2021 11:58:55 - [35mMensaje de Log desde NPM[39m
[32minfo[39m - 12/08/2021 11:58:55 - [32mLa base de datos está ONLINE[39m
[32minfo[39m - 12/08/2021 11:58:55 - [32mServidor iniciado en el puerto 3000[39m
[31merror[39m - 12/08/2021 19:14:51 - [31mMensaje de Log desde NPM[39m
[33mwarn[39m - 12/08/2021 19:14:51 - [33mMensaje de Log desde NPM[39m
[32minfo[39m - 12/08/2021 19:14:51 - [32mMensaje de Log desde NPM[39m
[32mhttp[39m - 12/08/2021 19:14:51 - [32mMensaje de Log desde NPM[39m
[36mverbose[39m - 12/08/2021 19:14:51 - [36mMensaje de Log desde NPM[39m
[34mdebug[39m - 12/08/2021 19:14:51 - [34mMensaje de Log desde NPM[39m
[35msilly[39m - 12/08/2021 19:14:51 - [35mMensaje de Log desde NPM[39m
[32minfo[39m - 12/08/2021 19:14:51 - [32mLa base de datos está ONLINE[39m
[32minfo[39m - 12/08/2021 19:14:51 - [32mServidor iniciado en el puerto 3000[39m
[31merror[39m - 13/08/2021 18:03:27 - [31mMensaje de Log desde NPM[39m
[33mwarn[39m - 13/08/2021 18:03:27 - [33mMensaje de Log desde NPM[39m
[32minfo[39m - 13/08/2021 18:03:27 - [32mMensaje de Log desde NPM[39m
[32mhttp[39m - 13/08/2021 18:03:27 - [32mMensaje de Log desde NPM[39m
[36mverbose[39m - 13/08/2021 18:03:27 - [36mMensaje de Log desde NPM[39m
[34mdebug[39m - 13/08/2021 18:03:27 - [34mMensaje de Log desde NPM[39m
[35msilly[39m - 13/08/2021 18:03:27 - [35mMensaje de Log desde NPM[39m
[31merror[39m - 13/08/2021 18:03:27 - [31mError en la connexión con la base de datos[39m
[31merror[39m - 13/08/2021 18:03:51 - [31mMensaje de Log desde NPM[39m
[33mwarn[39m - 13/08/2021 18:03:51 - [33mMensaje de Log desde NPM[39m
[32minfo[39m - 13/08/2021 18:03:51 - [32mMensaje de Log desde NPM[39m
[32mhttp[39m - 13/08/2021 18:03:51 - [32mMensaje de Log desde NPM[39m
[36mverbose[39m - 13/08/2021 18:03:51 - [36mMensaje de Log desde NPM[39m
[34mdebug[39m - 13/08/2021 18:03:51 - [34mMensaje de Log desde NPM[39m
[35msilly[39m - 13/08/2021 18:03:51 - [35mMensaje de Log desde NPM[39m
[32minfo[39m - 13/08/2021 18:03:51 - [32mLa base de datos está ONLINE[39m
[32minfo[39m - 13/08/2021 18:03:51 - [32mServidor iniciado en el puerto 3000[39m
[31merror[39m - 14/08/2021 17:07:55 - [31mMensaje de Log desde NPM[39m
[33mwarn[39m - 14/08/2021 17:07:55 - [33mMensaje de Log desde NPM[39m
[32minfo[39m - 14/08/2021 17:07:55 - [32mMensaje de Log desde NPM[39m
[32mhttp[39m - 14/08/2021 17:07:55 - [32mMensaje de Log desde NPM[39m
[36mverbose[39m - 14/08/2021 17:07:55 - [36mMensaje de Log desde NPM[39m
[34mdebug[39m - 14/08/2021 17:07:55 - [34mMensaje de Log desde NPM[39m
[35msilly[39m - 14/08/2021 17:07:55 - [35mMensaje de Log desde NPM[39m
[32minfo[39m - 14/08/2021 17:07:55 - [32mLa base de datos está ONLINE[39m
[32minfo[39m - 14/08/2021 17:07:55 - [32mServidor iniciado en el puerto 3000[39m
[31merror[39m - 14/08/2021 18:48:43 - [31mMensaje de Log desde NPM[39m
[33mwarn[39m - 14/08/2021 18:48:43 - [33mMensaje de Log desde NPM[39m
[32minfo[39m - 14/08/2021 18:48:43 - [32mMensaje de Log desde NPM[39m
[32mhttp[39m - 14/08/2021 18:48:43 - [32mMensaje de Log desde NPM[39m
[36mverbose[39m - 14/08/2021 18:48:43 - [36mMensaje de Log desde NPM[39m
[34mdebug[39m - 14/08/2021 18:48:43 - [34mMensaje de Log desde NPM[39m
[35msilly[39m - 14/08/2021 18:48:43 - [35mMensaje de Log desde NPM[39m
[32minfo[39m - 14/08/2021 18:48:43 - [32mLa base de datos está ONLINE[39m
[32minfo[39m - 14/08/2021 18:48:43 - [32mServidor iniciado en el puerto 3000[39m
[31merror[39m - 15/08/2021 12:28:06 - [31mMensaje de Log desde NPM[39m
[33mwarn[39m - 15/08/2021 12:28:06 - [33mMensaje de Log desde NPM[39m
[32minfo[39m - 15/08/2021 12:28:06 - [32mMensaje de Log desde NPM[39m
[32mhttp[39m - 15/08/2021 12:28:06 - [32mMensaje de Log desde NPM[39m
[36mverbose[39m - 15/08/2021 12:28:06 - [36mMensaje de Log desde NPM[39m
[34mdebug[39m - 15/08/2021 12:28:06 - [34mMensaje de Log desde NPM[39m
[35msilly[39m - 15/08/2021 12:28:06 - [35mMensaje de Log desde NPM[39m
[32minfo[39m - 15/08/2021 12:28:06 - [32mLa base de datos está ONLINE[39m
[32minfo[39m - 15/08/2021 12:28:06 - [32mServidor iniciado en el puerto 3000[39m
[31merror[39m - 16/08/2021 12:32:43 - [31mMensaje de Log desde NPM[39m
[33mwarn[39m - 16/08/2021 12:32:43 - [33mMensaje de Log desde NPM[39m
[32minfo[39m - 16/08/2021 12:32:43 - [32mMensaje de Log desde NPM[39m
[32mhttp[39m - 16/08/2021 12:32:43 - [32mMensaje de Log desde NPM[39m
[36mverbose[39m - 16/08/2021 12:32:43 - [36mMensaje de Log desde NPM[39m
[34mdebug[39m - 16/08/2021 12:32:43 - [34mMensaje de Log desde NPM[39m
[35msilly[39m - 16/08/2021 12:32:43 - [35mMensaje de Log desde NPM[39m
[32minfo[39m - 16/08/2021 12:32:44 - [32mLa base de datos está ONLINE[39m
[32minfo[39m - 16/08/2021 12:32:44 - [32mServidor iniciado en el puerto 3000[39m
[31merror[39m - 16/08/2021 13:42:34 - [31mMensaje de Log desde NPM[39m
[33mwarn[39m - 16/08/2021 13:42:34 - [33mMensaje de Log desde NPM[39m
[32minfo[39m - 16/08/2021 13:42:34 - [32mMensaje de Log desde NPM[39m
[32mhttp[39m - 16/08/2021 13:42:34 - [32mMensaje de Log desde NPM[39m
[36mverbose[39m - 16/08/2021 13:42:34 - [36mMensaje de Log desde NPM[39m
[34mdebug[39m - 16/08/2021 13:42:34 - [34mMensaje de Log desde NPM[39m
[35msilly[39m - 16/08/2021 13:42:34 - [35mMensaje de Log desde NPM[39m
[32minfo[39m - 16/08/2021 13:42:34 - [32mLa base de datos está ONLINE[39m
[32minfo[39m - 16/08/2021 13:42:34 - [32mServidor iniciado en el puerto 3000[39m
[31merror[39m - 16/08/2021 15:38:33 - [31mMensaje de Log desde NPM[39m
[33mwarn[39m - 16/08/2021 15:38:33 - [33mMensaje de Log desde NPM[39m
[32minfo[39m - 16/08/2021 15:38:33 - [32mMensaje de Log desde NPM[39m
[32mhttp[39m - 16/08/2021 15:38:33 - [32mMensaje de Log desde NPM[39m
[36mverbose[39m - 16/08/2021 15:38:33 - [36mMensaje de Log desde NPM[39m
[34mdebug[39m - 16/08/2021 15:38:33 - [34mMensaje de Log desde NPM[39m
[35msilly[39m - 16/08/2021 15:38:33 - [35mMensaje de Log desde NPM[39m
[31merror[39m - 16/08/2021 15:38:33 - [31mError en la connexión con la base de datos[39m
[31merror[39m - 16/08/2021 15:38:53 - [31mMensaje de Log desde NPM[39m
[33mwarn[39m - 16/08/2021 15:38:53 - [33mMensaje de Log desde NPM[39m
[32minfo[39m - 16/08/2021 15:38:53 - [32mMensaje de Log desde NPM[39m
[32mhttp[39m - 16/08/2021 15:38:53 - [32mMensaje de Log desde NPM[39m
[36mverbose[39m - 16/08/2021 15:38:53 - [36mMensaje de Log desde NPM[39m
[34mdebug[39m - 16/08/2021 15:38:53 - [34mMensaje de Log desde NPM[39m
[35msilly[39m - 16/08/2021 15:38:53 - [35mMensaje de Log desde NPM[39m
[32minfo[39m - 16/08/2021 15:38:53 - [32mLa base de datos está ONLINE[39m
[32minfo[39m - 16/08/2021 15:38:53 - [32mServidor iniciado en el puerto 3000[39m
[31merror[39m - 16/08/2021 16:37:10 - [31mMensaje de Log desde NPM[39m
[33mwarn[39m - 16/08/2021 16:37:10 - [33mMensaje de Log desde NPM[39m
[32minfo[39m - 16/08/2021 16:37:10 - [32mMensaje de Log desde NPM[39m
[32mhttp[39m - 16/08/2021 16:37:10 - [32mMensaje de Log desde NPM[39m
[36mverbose[39m - 16/08/2021 16:37:10 - [36mMensaje de Log desde NPM[39m
[34mdebug[39m - 16/08/2021 16:37:10 - [34mMensaje de Log desde NPM[39m
[35msilly[39m - 16/08/2021 16:37:10 - [35mMensaje de Log desde NPM[39m
[32minfo[39m - 16/08/2021 16:37:10 - [32mLa base de datos está ONLINE[39m
[32minfo[39m - 16/08/2021 16:37:10 - [32mServidor iniciado en el puerto 3000[39m
[31merror[39m - 18/08/2021 12:05:48 - [31mMensaje de Log desde NPM[39m
[33mwarn[39m - 18/08/2021 12:05:48 - [33mMensaje de Log desde NPM[39m
[32minfo[39m - 18/08/2021 12:05:48 - [32mMensaje de Log desde NPM[39m
[32mhttp[39m - 18/08/2021 12:05:48 - [32mMensaje de Log desde NPM[39m
[36mverbose[39m - 18/08/2021 12:05:48 - [36mMensaje de Log desde NPM[39m
[34mdebug[39m - 18/08/2021 12:05:48 - [34mMensaje de Log desde NPM[39m
[35msilly[39m - 18/08/2021 12:05:48 - [35mMensaje de Log desde NPM[39m
[31merror[39m - 18/08/2021 12:05:48 - [31mError en la connexión con la base de datos[39m
[31merror[39m - 18/08/2021 12:06:01 - [31mMensaje de Log desde NPM[39m
[33mwarn[39m - 18/08/2021 12:06:01 - [33mMensaje de Log desde NPM[39m
[32minfo[39m - 18/08/2021 12:06:01 - [32mMensaje de Log desde NPM[39m
[32mhttp[39m - 18/08/2021 12:06:01 - [32mMensaje de Log desde NPM[39m
[36mverbose[39m - 18/08/2021 12:06:01 - [36mMensaje de Log desde NPM[39m
[34mdebug[39m - 18/08/2021 12:06:01 - [34mMensaje de Log desde NPM[39m
[35msilly[39m - 18/08/2021 12:06:01 - [35mMensaje de Log desde NPM[39m
[32minfo[39m - 18/08/2021 12:06:01 - [32mLa base de datos está ONLINE[39m
[32minfo[39m - 18/08/2021 12:06:01 - [32mServidor iniciado en el puerto 3000[39m
[31merror[39m - 18/08/2021 12:11:57 - [31mMensaje de Log desde NPM[39m
[33mwarn[39m - 18/08/2021 12:11:57 - [33mMensaje de Log desde NPM[39m
[32minfo[39m - 18/08/2021 12:11:57 - [32mMensaje de Log desde NPM[39m
[32mhttp[39m - 18/08/2021 12:11:57 - [32mMensaje de Log desde NPM[39m
[36mverbose[39m - 18/08/2021 12:11:57 - [36mMensaje de Log desde NPM[39m
[34mdebug[39m - 18/08/2021 12:11:57 - [34mMensaje de Log desde NPM[39m
[35msilly[39m - 18/08/2021 12:11:57 - [35mMensaje de Log desde NPM[39m
[32minfo[39m - 18/08/2021 12:11:57 - [32mLa base de datos está ONLINE[39m
[32minfo[39m - 18/08/2021 12:11:57 - [32mServidor iniciado en el puerto 3000[39m
[31merror[39m - 18/08/2021 12:53:33 - [31mMensaje de Log desde NPM[39m
[33mwarn[39m - 18/08/2021 12:53:33 - [33mMensaje de Log desde NPM[39m
[32minfo[39m - 18/08/2021 12:53:33 - [32mMensaje de Log desde NPM[39m
[32mhttp[39m - 18/08/2021 12:53:33 - [32mMensaje de Log desde NPM[39m
[36mverbose[39m - 18/08/2021 12:53:33 - [36mMensaje de Log desde NPM[39m
[34mdebug[39m - 18/08/2021 12:53:33 - [34mMensaje de Log desde NPM[39m
[35msilly[39m - 18/08/2021 12:53:33 - [35mMensaje de Log desde NPM[39m
[32minfo[39m - 18/08/2021 12:53:33 - [32mLa base de datos está ONLINE[39m
[32minfo[39m - 18/08/2021 12:53:33 - [32mServidor iniciado en el puerto 3000[39m
[31merror[39m - 18/08/2021 12:53:58 - [31mMensaje de Log desde NPM[39m
[33mwarn[39m - 18/08/2021 12:53:58 - [33mMensaje de Log desde NPM[39m
[32minfo[39m - 18/08/2021 12:53:58 - [32mMensaje de Log desde NPM[39m
[32mhttp[39m - 18/08/2021 12:53:58 - [32mMensaje de Log desde NPM[39m
[36mverbose[39m - 18/08/2021 12:53:58 - [36mMensaje de Log desde NPM[39m
[34mdebug[39m - 18/08/2021 12:53:58 - [34mMensaje de Log desde NPM[39m
[35msilly[39m - 18/08/2021 12:53:58 - [35mMensaje de Log desde NPM[39m
[32minfo[39m - 18/08/2021 12:53:58 - [32mLa base de datos está ONLINE[39m
[32minfo[39m - 18/08/2021 12:53:58 - [32mServidor iniciado en el puerto 3000[39m
[31merror[39m - 18/08/2021 12:57:23 - [31mMensaje de Log desde NPM[39m
[33mwarn[39m - 18/08/2021 12:57:23 - [33mMensaje de Log desde NPM[39m
[32minfo[39m - 18/08/2021 12:57:23 - [32mMensaje de Log desde NPM[39m
[32mhttp[39m - 18/08/2021 12:57:23 - [32mMensaje de Log desde NPM[39m
[36mverbose[39m - 18/08/2021 12:57:23 - [36mMensaje de Log desde NPM[39m
[34mdebug[39m - 18/08/2021 12:57:23 - [34mMensaje de Log desde NPM[39m
[35msilly[39m - 18/08/2021 12:57:23 - [35mMensaje de Log desde NPM[39m
[32minfo[39m - 18/08/2021 12:57:23 - [32mLa base de datos está ONLINE[39m
[32minfo[39m - 18/08/2021 12:57:23 - [32mServidor iniciado en el puerto 3000[39m
[31merror[39m - 18/08/2021 12:58:26 - [31mMensaje de Log desde NPM[39m
[33mwarn[39m - 18/08/2021 12:58:26 - [33mMensaje de Log desde NPM[39m
[32minfo[39m - 18/08/2021 12:58:26 - [32mMensaje de Log desde NPM[39m
[32mhttp[39m - 18/08/2021 12:58:26 - [32mMensaje de Log desde NPM[39m
[36mverbose[39m - 18/08/2021 12:58:26 - [36mMensaje de Log desde NPM[39m
[34mdebug[39m - 18/08/2021 12:58:26 - [34mMensaje de Log desde NPM[39m
[35msilly[39m - 18/08/2021 12:58:26 - [35mMensaje de Log desde NPM[39m
[32minfo[39m - 18/08/2021 12:58:26 - [32mLa base de datos está ONLINE[39m
[32minfo[39m - 18/08/2021 12:58:26 - [32mServidor iniciado en el puerto 3000[39m
[31merror[39m - 18/08/2021 12:58:41 - [31mMensaje de Log desde NPM[39m
[33mwarn[39m - 18/08/2021 12:58:41 - [33mMensaje de Log desde NPM[39m
[32minfo[39m - 18/08/2021 12:58:41 - [32mMensaje de Log desde NPM[39m
[32mhttp[39m - 18/08/2021 12:58:41 - [32mMensaje de Log desde NPM[39m
[36mverbose[39m - 18/08/2021 12:58:41 - [36mMensaje de Log desde NPM[39m
[34mdebug[39m - 18/08/2021 12:58:41 - [34mMensaje de Log desde NPM[39m
[35msilly[39m - 18/08/2021 12:58:41 - [35mMensaje de Log desde NPM[39m
[32minfo[39m - 18/08/2021 12:58:41 - [32mLa base de datos está ONLINE[39m
[32minfo[39m - 18/08/2021 12:58:41 - [32mServidor iniciado en el puerto 3000[39m
[31merror[39m - 18/08/2021 12:58:54 - [31mMensaje de Log desde NPM[39m
[33mwarn[39m - 18/08/2021 12:58:54 - [33mMensaje de Log desde NPM[39m
[32minfo[39m - 18/08/2021 12:58:54 - [32mMensaje de Log desde NPM[39m
[32mhttp[39m - 18/08/2021 12:58:54 - [32mMensaje de Log desde NPM[39m
[36mverbose[39m - 18/08/2021 12:58:54 - [36mMensaje de Log desde NPM[39m
[34mdebug[39m - 18/08/2021 12:58:54 - [34mMensaje de Log desde NPM[39m
[35msilly[39m - 18/08/2021 12:58:54 - [35mMensaje de Log desde NPM[39m
[32minfo[39m - 18/08/2021 12:58:54 - [32mLa base de datos está ONLINE[39m
[32minfo[39m - 18/08/2021 12:58:54 - [32mServidor iniciado en el puerto 3000[39m
[31merror[39m - 18/08/2021 14:05:09 - [31mMensaje de Log desde NPM[39m
[33mwarn[39m - 18/08/2021 14:05:09 - [33mMensaje de Log desde NPM[39m
[32minfo[39m - 18/08/2021 14:05:09 - [32mMensaje de Log desde NPM[39m
[32mhttp[39m - 18/08/2021 14:05:09 - [32mMensaje de Log desde NPM[39m
[36mverbose[39m - 18/08/2021 14:05:09 - [36mMensaje de Log desde NPM[39m
[34mdebug[39m - 18/08/2021 14:05:09 - [34mMensaje de Log desde NPM[39m
[35msilly[39m - 18/08/2021 14:05:09 - [35mMensaje de Log desde NPM[39m
[32minfo[39m - 18/08/2021 14:05:09 - [32mLa base de datos está ONLINE[39m
[32minfo[39m - 18/08/2021 14:05:09 - [32mServidor iniciado en el puerto 3000[39m
[31merror[39m - 18/08/2021 14:05:30 - [31mMensaje de Log desde NPM[39m
[33mwarn[39m - 18/08/2021 14:05:30 - [33mMensaje de Log desde NPM[39m
[32minfo[39m - 18/08/2021 14:05:30 - [32mMensaje de Log desde NPM[39m
[32mhttp[39m - 18/08/2021 14:05:30 - [32mMensaje de Log desde NPM[39m
[36mverbose[39m - 18/08/2021 14:05:30 - [36mMensaje de Log desde NPM[39m
[34mdebug[39m - 18/08/2021 14:05:30 - [34mMensaje de Log desde NPM[39m
[35msilly[39m - 18/08/2021 14:05:30 - [35mMensaje de Log desde NPM[39m
[32minfo[39m - 18/08/2021 14:05:30 - [32mLa base de datos está ONLINE[39m
[32minfo[39m - 18/08/2021 14:05:30 - [32mServidor iniciado en el puerto 3000[39m
[31merror[39m - 18/08/2021 14:10:01 - [31mMensaje de Log desde NPM[39m
[33mwarn[39m - 18/08/2021 14:10:01 - [33mMensaje de Log desde NPM[39m
[32minfo[39m - 18/08/2021 14:10:01 - [32mMensaje de Log desde NPM[39m
[32mhttp[39m - 18/08/2021 14:10:01 - [32mMensaje de Log desde NPM[39m
[36mverbose[39m - 18/08/2021 14:10:01 - [36mMensaje de Log desde NPM[39m
[34mdebug[39m - 18/08/2021 14:10:01 - [34mMensaje de Log desde NPM[39m
[35msilly[39m - 18/08/2021 14:10:01 - [35mMensaje de Log desde NPM[39m
[32minfo[39m - 18/08/2021 14:10:01 - [32mLa base de datos está ONLINE[39m
[32minfo[39m - 18/08/2021 14:10:01 - [32mServidor iniciado en el puerto 3000[39m
[31merror[39m - 01/09/2021 10:51:54 - [31mMensaje de Log desde NPM[39m
[33mwarn[39m - 01/09/2021 10:51:54 - [33mMensaje de Log desde NPM[39m
[32minfo[39m - 01/09/2021 10:51:54 - [32mMensaje de Log desde NPM[39m
[32mhttp[39m - 01/09/2021 10:51:54 - [32mMensaje de Log desde NPM[39m
[36mverbose[39m - 01/09/2021 10:51:54 - [36mMensaje de Log desde NPM[39m
[34mdebug[39m - 01/09/2021 10:51:54 - [34mMensaje de Log desde NPM[39m
[35msilly[39m - 01/09/2021 10:51:54 - [35mMensaje de Log desde NPM[39m
[31merror[39m - 01/09/2021 10:51:54 - [31mError en la connexión con la base de datos[39m
[31merror[39m - 01/09/2021 10:52:37 - [31mMensaje de Log desde NPM[39m
[33mwarn[39m - 01/09/2021 10:52:37 - [33mMensaje de Log desde NPM[39m
[32minfo[39m - 01/09/2021 10:52:37 - [32mMensaje de Log desde NPM[39m
[32mhttp[39m - 01/09/2021 10:52:37 - [32mMensaje de Log desde NPM[39m
[36mverbose[39m - 01/09/2021 10:52:37 - [36mMensaje de Log desde NPM[39m
[34mdebug[39m - 01/09/2021 10:52:37 - [34mMensaje de Log desde NPM[39m
[35msilly[39m - 01/09/2021 10:52:37 - [35mMensaje de Log desde NPM[39m
[32minfo[39m - 01/09/2021 10:52:37 - [32mLa base de datos está ONLINE[39m
[32minfo[39m - 01/09/2021 10:52:37 - [32mServidor iniciado en el puerto 3000[39m
[31merror[39m - 03/09/2021 12:37:34 - [31mMensaje de Log desde NPM[39m
[33mwarn[39m - 03/09/2021 12:37:34 - [33mMensaje de Log desde NPM[39m
[32minfo[39m - 03/09/2021 12:37:34 - [32mMensaje de Log desde NPM[39m
[32mhttp[39m - 03/09/2021 12:37:34 - [32mMensaje de Log desde NPM[39m
[36mverbose[39m - 03/09/2021 12:37:34 - [36mMensaje de Log desde NPM[39m
[34mdebug[39m - 03/09/2021 12:37:34 - [34mMensaje de Log desde NPM[39m
[35msilly[39m - 03/09/2021 12:37:34 - [35mMensaje de Log desde NPM[39m
[31merror[39m - 03/09/2021 12:37:34 - [31mError en la connexión con la base de datos[39m
[31merror[39m - 03/09/2021 12:38:16 - [31mMensaje de Log desde NPM[39m
[33mwarn[39m - 03/09/2021 12:38:16 - [33mMensaje de Log desde NPM[39m
[32minfo[39m - 03/09/2021 12:38:16 - [32mMensaje de Log desde NPM[39m
[32mhttp[39m - 03/09/2021 12:38:16 - [32mMensaje de Log desde NPM[39m
[36mverbose[39m - 03/09/2021 12:38:16 - [36mMensaje de Log desde NPM[39m
[34mdebug[39m - 03/09/2021 12:38:16 - [34mMensaje de Log desde NPM[39m
[35msilly[39m - 03/09/2021 12:38:16 - [35mMensaje de Log desde NPM[39m
[32minfo[39m - 03/09/2021 12:38:16 - [32mLa base de datos está ONLINE[39m
[32minfo[39m - 03/09/2021 12:38:16 - [32mServidor iniciado en el puerto 3000[39m
[31merror[39m - 03/09/2021 16:11:04 - [31mMensaje de Log desde NPM[39m
[33mwarn[39m - 03/09/2021 16:11:04 - [33mMensaje de Log desde NPM[39m
[32minfo[39m - 03/09/2021 16:11:04 - [32mMensaje de Log desde NPM[39m
[32mhttp[39m - 03/09/2021 16:11:04 - [32mMensaje de Log desde NPM[39m
[36mverbose[39m - 03/09/2021 16:11:04 - [36mMensaje de Log desde NPM[39m
[34mdebug[39m - 03/09/2021 16:11:04 - [34mMensaje de Log desde NPM[39m
[35msilly[39m - 03/09/2021 16:11:04 - [35mMensaje de Log desde NPM[39m
[32minfo[39m - 03/09/2021 16:11:04 - [32mLa base de datos está ONLINE[39m
[32minfo[39m - 03/09/2021 16:11:04 - [32mServidor iniciado en el puerto 3000[39m
[31merror[39m - 06/09/2021 13:16:38 - [31mMensaje de Log desde NPM[39m
[33mwarn[39m - 06/09/2021 13:16:38 - [33mMensaje de Log desde NPM[39m
[32minfo[39m - 06/09/2021 13:16:38 - [32mMensaje de Log desde NPM[39m
[32mhttp[39m - 06/09/2021 13:16:38 - [32mMensaje de Log desde NPM[39m
[36mverbose[39m - 06/09/2021 13:16:38 - [36mMensaje de Log desde NPM[39m
[34mdebug[39m - 06/09/2021 13:16:38 - [34mMensaje de Log desde NPM[39m
[35msilly[39m - 06/09/2021 13:16:38 - [35mMensaje de Log desde NPM[39m
[32minfo[39m - 06/09/2021 13:16:38 - [32mLa base de datos está ONLINE[39m
[32minfo[39m - 06/09/2021 13:16:38 - [32mServidor iniciado en el puerto 3000[39m
[31merror[39m - 06/09/2021 18:41:15 - [31mMensaje de Log desde NPM[39m
[33mwarn[39m - 06/09/2021 18:41:15 - [33mMensaje de Log desde NPM[39m
[32minfo[39m - 06/09/2021 18:41:15 - [32mMensaje de Log desde NPM[39m
[32mhttp[39m - 06/09/2021 18:41:15 - [32mMensaje de Log desde NPM[39m
[36mverbose[39m - 06/09/2021 18:41:15 - [36mMensaje de Log desde NPM[39m
[34mdebug[39m - 06/09/2021 18:41:15 - [34mMensaje de Log desde NPM[39m
[35msilly[39m - 06/09/2021 18:41:15 - [35mMensaje de Log desde NPM[39m
[32minfo[39m - 06/09/2021 18:41:15 - [32mLa base de datos está ONLINE[39m
[32minfo[39m - 06/09/2021 18:41:15 - [32mServidor iniciado en el puerto 3000[39m
[31merror[39m - 06/09/2021 19:25:41 - [31mMensaje de Log desde NPM[39m
[33mwarn[39m - 06/09/2021 19:25:41 - [33mMensaje de Log desde NPM[39m
[32minfo[39m - 06/09/2021 19:25:41 - [32mMensaje de Log desde NPM[39m
[32mhttp[39m - 06/09/2021 19:25:41 - [32mMensaje de Log desde NPM[39m
[36mverbose[39m - 06/09/2021 19:25:41 - [36mMensaje de Log desde NPM[39m
[34mdebug[39m - 06/09/2021 19:25:41 - [34mMensaje de Log desde NPM[39m
[35msilly[39m - 06/09/2021 19:25:41 - [35mMensaje de Log desde NPM[39m
[32minfo[39m - 06/09/2021 19:25:41 - [32mLa base de datos está ONLINE[39m
[32minfo[39m - 06/09/2021 19:25:41 - [32mServidor iniciado en el puerto 3000[39m
